<?xml version="1.0" encoding="UTF-8" ?>
<testsuites>
<testsuite name="MathUtils" errors="0" tests="0" failures="0" time="0" timestamp="2016-09-04T17:58:07">
</testsuite>
<testsuite name="MathUtils.when calc is used to peform basic math operations" errors="0" tests="5" failures="2" time="0.011" timestamp="2016-09-04T17:58:07">
  <testcase classname="MathUtils.when calc is used to peform basic math operations" name="should be able to return ONLY numbers" time="0.002"></testcase>
  <testcase classname="MathUtils.when calc is used to peform basic math operations" name="Is it Defined??" time="0.002"></testcase>
  <testcase classname="MathUtils.when calc is used to peform basic math operations" name="should HAVE BEEN CALLED" time="0.001"></testcase>
  <testcase classname="MathUtils.when calc is used to peform basic math operations" name="Does it remove operators?" time="0.001"><failure type="expect" message="Expected undefined to equal [ 4, 5, 2 ].">Error: Expected undefined to equal [ 4, 5, 2 ].
    at new jasmine.ExpectationResult (C:\Users\y50-70\AppData\Roaming\npm\node_modules\jasmine-node\lib\jasmine-node/jasmine-1.3.1.js:114:32)
    at null.toEqual (C:\Users\y50-70\AppData\Roaming\npm\node_modules\jasmine-node\lib\jasmine-node/jasmine-1.3.1.js:1316:29)
    at null.&amp;lt;anonymous&amp;gt; (C:\xampp\htdocs\sss\website\Tutorial\Jasmine_Code\spec\C3Q3spec.js:43:64)
    at jasmine.Block.execute (C:\Users\y50-70\AppData\Roaming\npm\node_modules\jasmine-node\lib\jasmine-node/jasmine-1.3.1.js:1145:17)
    at jasmine.Queue.next_ (C:\Users\y50-70\AppData\Roaming\npm\node_modules\jasmine-node\lib\jasmine-node/jasmine-1.3.1.js:2177:31)
    at jasmine.Queue.start (C:\Users\y50-70\AppData\Roaming\npm\node_modules\jasmine-node\lib\jasmine-node/jasmine-1.3.1.js:2130:8)
    at jasmine.Spec.execute (C:\Users\y50-70\AppData\Roaming\npm\node_modules\jasmine-node\lib\jasmine-node/jasmine-1.3.1.js:2458:14)
    at jasmine.Queue.next_ (C:\Users\y50-70\AppData\Roaming\npm\node_modules\jasmine-node\lib\jasmine-node/jasmine-1.3.1.js:2177:31)
    at onComplete (C:\Users\y50-70\AppData\Roaming\npm\node_modules\jasmine-node\lib\jasmine-node/jasmine-1.3.1.js:2173:18)
    at jasmine.Spec.finish (C:\Users\y50-70\AppData\Roaming\npm\node_modules\jasmine-node\lib\jasmine-node/jasmine-1.3.1.js:2432:5)</failure></testcase>
  <testcase classname="MathUtils.when calc is used to peform basic math operations" name="Does the MathSolver Contain the correct essential code?" time="0.001"><failure type="expect" message="Expected &amp;apos;function(infix){varpostfixStack=[];functionisNumeric(x){return!isNaN(parseFloat(x))&amp;&amp;isFinite(x);}//AddtherestoftheScriptwithinthefunction//HINTFORLOOPandthenanIFstatementtosortout//thelogicwithintheforLoop}&amp;apos; to contain &amp;apos;for(vari=0;i&amp;lt;infix.length;i++)&amp;apos;.">Error: Expected &amp;apos;function(infix){varpostfixStack=[];functionisNumeric(x){return!isNaN(parseFloat(x))&amp;&amp;isFinite(x);}//AddtherestoftheScriptwithinthefunction//HINTFORLOOPandthenanIFstatementtosortout//thelogicwithintheforLoop}&amp;apos; to contain &amp;apos;for(vari=0;i&amp;lt;infix.length;i++)&amp;apos;.
    at new jasmine.ExpectationResult (C:\Users\y50-70\AppData\Roaming\npm\node_modules\jasmine-node\lib\jasmine-node/jasmine-1.3.1.js:114:32)
    at null.toContain (C:\Users\y50-70\AppData\Roaming\npm\node_modules\jasmine-node\lib\jasmine-node/jasmine-1.3.1.js:1316:29)
    at null.&amp;lt;anonymous&amp;gt; (C:\xampp\htdocs\sss\website\Tutorial\Jasmine_Code\spec\C3Q3spec.js:53:34)
    at jasmine.Block.execute (C:\Users\y50-70\AppData\Roaming\npm\node_modules\jasmine-node\lib\jasmine-node/jasmine-1.3.1.js:1145:17)
    at jasmine.Queue.next_ (C:\Users\y50-70\AppData\Roaming\npm\node_modules\jasmine-node\lib\jasmine-node/jasmine-1.3.1.js:2177:31)
    at jasmine.Queue.start (C:\Users\y50-70\AppData\Roaming\npm\node_modules\jasmine-node\lib\jasmine-node/jasmine-1.3.1.js:2130:8)
    at jasmine.Spec.execute (C:\Users\y50-70\AppData\Roaming\npm\node_modules\jasmine-node\lib\jasmine-node/jasmine-1.3.1.js:2458:14)
    at jasmine.Queue.next_ (C:\Users\y50-70\AppData\Roaming\npm\node_modules\jasmine-node\lib\jasmine-node/jasmine-1.3.1.js:2177:31)
    at onComplete (C:\Users\y50-70\AppData\Roaming\npm\node_modules\jasmine-node\lib\jasmine-node/jasmine-1.3.1.js:2173:18)
    at jasmine.Spec.finish (C:\Users\y50-70\AppData\Roaming\npm\node_modules\jasmine-node\lib\jasmine-node/jasmine-1.3.1.js:2432:5)</failure><failure type="expect" message="Expected &amp;apos;function(infix){varpostfixStack=[];functionisNumeric(x){return!isNaN(parseFloat(x))&amp;&amp;isFinite(x);}//AddtherestoftheScriptwithinthefunction//HINTFORLOOPandthenanIFstatementtosortout//thelogicwithintheforLoop}&amp;apos; to contain &amp;apos;vartoken=infix[i];&amp;apos;.">Error: Expected &amp;apos;function(infix){varpostfixStack=[];functionisNumeric(x){return!isNaN(parseFloat(x))&amp;&amp;isFinite(x);}//AddtherestoftheScriptwithinthefunction//HINTFORLOOPandthenanIFstatementtosortout//thelogicwithintheforLoop}&amp;apos; to contain &amp;apos;vartoken=infix[i];&amp;apos;.
    at new jasmine.ExpectationResult (C:\Users\y50-70\AppData\Roaming\npm\node_modules\jasmine-node\lib\jasmine-node/jasmine-1.3.1.js:114:32)
    at null.toContain (C:\Users\y50-70\AppData\Roaming\npm\node_modules\jasmine-node\lib\jasmine-node/jasmine-1.3.1.js:1316:29)
    at null.&amp;lt;anonymous&amp;gt; (C:\xampp\htdocs\sss\website\Tutorial\Jasmine_Code\spec\C3Q3spec.js:54:27)
    at jasmine.Block.execute (C:\Users\y50-70\AppData\Roaming\npm\node_modules\jasmine-node\lib\jasmine-node/jasmine-1.3.1.js:1145:17)
    at jasmine.Queue.next_ (C:\Users\y50-70\AppData\Roaming\npm\node_modules\jasmine-node\lib\jasmine-node/jasmine-1.3.1.js:2177:31)
    at jasmine.Queue.start (C:\Users\y50-70\AppData\Roaming\npm\node_modules\jasmine-node\lib\jasmine-node/jasmine-1.3.1.js:2130:8)
    at jasmine.Spec.execute (C:\Users\y50-70\AppData\Roaming\npm\node_modules\jasmine-node\lib\jasmine-node/jasmine-1.3.1.js:2458:14)
    at jasmine.Queue.next_ (C:\Users\y50-70\AppData\Roaming\npm\node_modules\jasmine-node\lib\jasmine-node/jasmine-1.3.1.js:2177:31)
    at onComplete (C:\Users\y50-70\AppData\Roaming\npm\node_modules\jasmine-node\lib\jasmine-node/jasmine-1.3.1.js:2173:18)
    at jasmine.Spec.finish (C:\Users\y50-70\AppData\Roaming\npm\node_modules\jasmine-node\lib\jasmine-node/jasmine-1.3.1.js:2432:5)</failure><failure type="expect" message="Expected &amp;apos;function(infix){varpostfixStack=[];functionisNumeric(x){return!isNaN(parseFloat(x))&amp;&amp;isFinite(x);}//AddtherestoftheScriptwithinthefunction//HINTFORLOOPandthenanIFstatementtosortout//thelogicwithintheforLoop}&amp;apos; to contain &amp;apos;if(isNumeric(token)==true)&amp;apos;.">Error: Expected &amp;apos;function(infix){varpostfixStack=[];functionisNumeric(x){return!isNaN(parseFloat(x))&amp;&amp;isFinite(x);}//AddtherestoftheScriptwithinthefunction//HINTFORLOOPandthenanIFstatementtosortout//thelogicwithintheforLoop}&amp;apos; to contain &amp;apos;if(isNumeric(token)==true)&amp;apos;.
    at new jasmine.ExpectationResult (C:\Users\y50-70\AppData\Roaming\npm\node_modules\jasmine-node\lib\jasmine-node/jasmine-1.3.1.js:114:32)
    at null.toContain (C:\Users\y50-70\AppData\Roaming\npm\node_modules\jasmine-node\lib\jasmine-node/jasmine-1.3.1.js:1316:29)
    at null.&amp;lt;anonymous&amp;gt; (C:\xampp\htdocs\sss\website\Tutorial\Jasmine_Code\spec\C3Q3spec.js:55:28)
    at jasmine.Block.execute (C:\Users\y50-70\AppData\Roaming\npm\node_modules\jasmine-node\lib\jasmine-node/jasmine-1.3.1.js:1145:17)
    at jasmine.Queue.next_ (C:\Users\y50-70\AppData\Roaming\npm\node_modules\jasmine-node\lib\jasmine-node/jasmine-1.3.1.js:2177:31)
    at jasmine.Queue.start (C:\Users\y50-70\AppData\Roaming\npm\node_modules\jasmine-node\lib\jasmine-node/jasmine-1.3.1.js:2130:8)
    at jasmine.Spec.execute (C:\Users\y50-70\AppData\Roaming\npm\node_modules\jasmine-node\lib\jasmine-node/jasmine-1.3.1.js:2458:14)
    at jasmine.Queue.next_ (C:\Users\y50-70\AppData\Roaming\npm\node_modules\jasmine-node\lib\jasmine-node/jasmine-1.3.1.js:2177:31)
    at onComplete (C:\Users\y50-70\AppData\Roaming\npm\node_modules\jasmine-node\lib\jasmine-node/jasmine-1.3.1.js:2173:18)
    at jasmine.Spec.finish (C:\Users\y50-70\AppData\Roaming\npm\node_modules\jasmine-node\lib\jasmine-node/jasmine-1.3.1.js:2432:5)</failure><failure type="expect" message="Expected &amp;apos;function(infix){varpostfixStack=[];functionisNumeric(x){return!isNaN(parseFloat(x))&amp;&amp;isFinite(x);}//AddtherestoftheScriptwithinthefunction//HINTFORLOOPandthenanIFstatementtosortout//thelogicwithintheforLoop}&amp;apos; to contain &amp;apos;postfixStack.push(Number(token)&amp;apos;.">Error: Expected &amp;apos;function(infix){varpostfixStack=[];functionisNumeric(x){return!isNaN(parseFloat(x))&amp;&amp;isFinite(x);}//AddtherestoftheScriptwithinthefunction//HINTFORLOOPandthenanIFstatementtosortout//thelogicwithintheforLoop}&amp;apos; to contain &amp;apos;postfixStack.push(Number(token)&amp;apos;.
    at new jasmine.ExpectationResult (C:\Users\y50-70\AppData\Roaming\npm\node_modules\jasmine-node\lib\jasmine-node/jasmine-1.3.1.js:114:32)
    at null.toContain (C:\Users\y50-70\AppData\Roaming\npm\node_modules\jasmine-node\lib\jasmine-node/jasmine-1.3.1.js:1316:29)
    at null.&amp;lt;anonymous&amp;gt; (C:\xampp\htdocs\sss\website\Tutorial\Jasmine_Code\spec\C3Q3spec.js:56:27)
    at jasmine.Block.execute (C:\Users\y50-70\AppData\Roaming\npm\node_modules\jasmine-node\lib\jasmine-node/jasmine-1.3.1.js:1145:17)
    at jasmine.Queue.next_ (C:\Users\y50-70\AppData\Roaming\npm\node_modules\jasmine-node\lib\jasmine-node/jasmine-1.3.1.js:2177:31)
    at jasmine.Queue.start (C:\Users\y50-70\AppData\Roaming\npm\node_modules\jasmine-node\lib\jasmine-node/jasmine-1.3.1.js:2130:8)
    at jasmine.Spec.execute (C:\Users\y50-70\AppData\Roaming\npm\node_modules\jasmine-node\lib\jasmine-node/jasmine-1.3.1.js:2458:14)
    at jasmine.Queue.next_ (C:\Users\y50-70\AppData\Roaming\npm\node_modules\jasmine-node\lib\jasmine-node/jasmine-1.3.1.js:2177:31)
    at onComplete (C:\Users\y50-70\AppData\Roaming\npm\node_modules\jasmine-node\lib\jasmine-node/jasmine-1.3.1.js:2173:18)
    at jasmine.Spec.finish (C:\Users\y50-70\AppData\Roaming\npm\node_modules\jasmine-node\lib\jasmine-node/jasmine-1.3.1.js:2432:5)</failure></testcase>
</testsuite>
</testsuites>