<?xml version="1.0" encoding="UTF-8" ?>
<testsuites>
<testsuite name="list" errors="0" tests="1" failures="1" time="0.064" timestamp="2016-08-29T17:37:48">
  <testcase classname="list" name="Does the Sum Contain the correct essential code?" time="0.031"><failure type="expect" message="Expected &amp;apos;function(){varlist=[1,2,3,1,1,5,4,3];for(vari=0;i&amp;lt;list.length;i++){	if(list[i]==1){	count=count+1;}}}&amp;apos; to contain &amp;apos;varcount=0;&amp;apos;.">Error: Expected &amp;apos;function(){varlist=[1,2,3,1,1,5,4,3];for(vari=0;i&amp;lt;list.length;i++){	if(list[i]==1){	count=count+1;}}}&amp;apos; to contain &amp;apos;varcount=0;&amp;apos;.
    at new jasmine.ExpectationResult (C:\Users\magnus\AppData\Roaming\npm\node_modules\jasmine-node\lib\jasmine-node/jasmine-1.3.1.js:114:32)
    at null.toContain (C:\Users\magnus\AppData\Roaming\npm\node_modules\jasmine-node\lib\jasmine-node/jasmine-1.3.1.js:1316:29)
    at null.&amp;lt;anonymous&amp;gt; (C:\Program Files (x86)\Ampps\www\GitWebsite\TutoCalculator\Tutorial\Jasmine_Code\spec\C2Q4spec.js:10:27)
    at jasmine.Block.execute (C:\Users\magnus\AppData\Roaming\npm\node_modules\jasmine-node\lib\jasmine-node/jasmine-1.3.1.js:1145:17)
    at jasmine.Queue.next_ (C:\Users\magnus\AppData\Roaming\npm\node_modules\jasmine-node\lib\jasmine-node/jasmine-1.3.1.js:2177:31)
    at jasmine.Queue.start (C:\Users\magnus\AppData\Roaming\npm\node_modules\jasmine-node\lib\jasmine-node/jasmine-1.3.1.js:2130:8)
    at jasmine.Spec.execute (C:\Users\magnus\AppData\Roaming\npm\node_modules\jasmine-node\lib\jasmine-node/jasmine-1.3.1.js:2458:14)
    at jasmine.Queue.next_ (C:\Users\magnus\AppData\Roaming\npm\node_modules\jasmine-node\lib\jasmine-node/jasmine-1.3.1.js:2177:31)
    at jasmine.Queue.start (C:\Users\magnus\AppData\Roaming\npm\node_modules\jasmine-node\lib\jasmine-node/jasmine-1.3.1.js:2130:8)
    at jasmine.Suite.execute (C:\Users\magnus\AppData\Roaming\npm\node_modules\jasmine-node\lib\jasmine-node/jasmine-1.3.1.js:2604:14)</failure><failure type="expect" message="Expected &amp;apos;function(){varlist=[1,2,3,1,1,5,4,3];for(vari=0;i&amp;lt;list.length;i++){	if(list[i]==1){	count=count+1;}}}&amp;apos; to contain &amp;apos;if(list[i]==1){count=count+1;}}&amp;apos;.">Error: Expected &amp;apos;function(){varlist=[1,2,3,1,1,5,4,3];for(vari=0;i&amp;lt;list.length;i++){	if(list[i]==1){	count=count+1;}}}&amp;apos; to contain &amp;apos;if(list[i]==1){count=count+1;}}&amp;apos;.
    at new jasmine.ExpectationResult (C:\Users\magnus\AppData\Roaming\npm\node_modules\jasmine-node\lib\jasmine-node/jasmine-1.3.1.js:114:32)
    at null.toContain (C:\Users\magnus\AppData\Roaming\npm\node_modules\jasmine-node\lib\jasmine-node/jasmine-1.3.1.js:1316:29)
    at null.&amp;lt;anonymous&amp;gt; (C:\Program Files (x86)\Ampps\www\GitWebsite\TutoCalculator\Tutorial\Jasmine_Code\spec\C2Q4spec.js:12:24)
    at jasmine.Block.execute (C:\Users\magnus\AppData\Roaming\npm\node_modules\jasmine-node\lib\jasmine-node/jasmine-1.3.1.js:1145:17)
    at jasmine.Queue.next_ (C:\Users\magnus\AppData\Roaming\npm\node_modules\jasmine-node\lib\jasmine-node/jasmine-1.3.1.js:2177:31)
    at jasmine.Queue.start (C:\Users\magnus\AppData\Roaming\npm\node_modules\jasmine-node\lib\jasmine-node/jasmine-1.3.1.js:2130:8)
    at jasmine.Spec.execute (C:\Users\magnus\AppData\Roaming\npm\node_modules\jasmine-node\lib\jasmine-node/jasmine-1.3.1.js:2458:14)
    at jasmine.Queue.next_ (C:\Users\magnus\AppData\Roaming\npm\node_modules\jasmine-node\lib\jasmine-node/jasmine-1.3.1.js:2177:31)
    at jasmine.Queue.start (C:\Users\magnus\AppData\Roaming\npm\node_modules\jasmine-node\lib\jasmine-node/jasmine-1.3.1.js:2130:8)
    at jasmine.Suite.execute (C:\Users\magnus\AppData\Roaming\npm\node_modules\jasmine-node\lib\jasmine-node/jasmine-1.3.1.js:2604:14)</failure></testcase>
</testsuite>
</testsuites>