<?xml version="1.0" encoding="UTF-8" ?>
<testsuites>
<testsuite name="add" errors="0" tests="2" failures="2" time="0.013" timestamp="2016-09-17T15:10:54">
  <testcase classname="add" name="should multiply 2 and 3" time="0.007"><failure type="expect" message="ReferenceError: add is not defined">ReferenceError: add is not defined
    at Object.exports.add (C:\xampp\htdocs\c4-tc\TutoCalculator\Tutorial\Jasmine_Code\npm\node_modules\jasmine\bin\src\C2Q1.js:2:24)
    at null.&amp;lt;anonymous&amp;gt; (C:\xampp\htdocs\c4-tc\TutoCalculator\Tutorial\Jasmine_Code\npm\node_modules\jasmine\bin\spec\C2Q1-spec.js:5:30)
    at jasmine.Block.execute (C:\Users\y50-70\AppData\Roaming\npm\node_modules\jasmine-node\lib\jasmine-node/jasmine-1.3.1.js:1145:17)
    at jasmine.Queue.next_ (C:\Users\y50-70\AppData\Roaming\npm\node_modules\jasmine-node\lib\jasmine-node/jasmine-1.3.1.js:2177:31)
    at jasmine.Queue.start (C:\Users\y50-70\AppData\Roaming\npm\node_modules\jasmine-node\lib\jasmine-node/jasmine-1.3.1.js:2130:8)
    at jasmine.Spec.execute (C:\Users\y50-70\AppData\Roaming\npm\node_modules\jasmine-node\lib\jasmine-node/jasmine-1.3.1.js:2458:14)
    at jasmine.Queue.next_ (C:\Users\y50-70\AppData\Roaming\npm\node_modules\jasmine-node\lib\jasmine-node/jasmine-1.3.1.js:2177:31)
    at jasmine.Queue.start (C:\Users\y50-70\AppData\Roaming\npm\node_modules\jasmine-node\lib\jasmine-node/jasmine-1.3.1.js:2130:8)
    at jasmine.Suite.execute (C:\Users\y50-70\AppData\Roaming\npm\node_modules\jasmine-node\lib\jasmine-node/jasmine-1.3.1.js:2604:14)
    at jasmine.Queue.next_ (C:\Users\y50-70\AppData\Roaming\npm\node_modules\jasmine-node\lib\jasmine-node/jasmine-1.3.1.js:2177:31)</failure></testcase>
  <testcase classname="add" name="should add 3 and 5" time="0"><failure type="expect" message="ReferenceError: add is not defined">ReferenceError: add is not defined
    at Object.exports.add (C:\xampp\htdocs\c4-tc\TutoCalculator\Tutorial\Jasmine_Code\npm\node_modules\jasmine\bin\src\C2Q1.js:2:24)
    at null.&amp;lt;anonymous&amp;gt; (C:\xampp\htdocs\c4-tc\TutoCalculator\Tutorial\Jasmine_Code\npm\node_modules\jasmine\bin\spec\C2Q1-spec.js:10:30)
    at jasmine.Block.execute (C:\Users\y50-70\AppData\Roaming\npm\node_modules\jasmine-node\lib\jasmine-node/jasmine-1.3.1.js:1145:17)
    at jasmine.Queue.next_ (C:\Users\y50-70\AppData\Roaming\npm\node_modules\jasmine-node\lib\jasmine-node/jasmine-1.3.1.js:2177:31)
    at jasmine.Queue.start (C:\Users\y50-70\AppData\Roaming\npm\node_modules\jasmine-node\lib\jasmine-node/jasmine-1.3.1.js:2130:8)
    at jasmine.Spec.execute (C:\Users\y50-70\AppData\Roaming\npm\node_modules\jasmine-node\lib\jasmine-node/jasmine-1.3.1.js:2458:14)
    at jasmine.Queue.next_ (C:\Users\y50-70\AppData\Roaming\npm\node_modules\jasmine-node\lib\jasmine-node/jasmine-1.3.1.js:2177:31)
    at onComplete (C:\Users\y50-70\AppData\Roaming\npm\node_modules\jasmine-node\lib\jasmine-node/jasmine-1.3.1.js:2173:18)
    at jasmine.Spec.finish (C:\Users\y50-70\AppData\Roaming\npm\node_modules\jasmine-node\lib\jasmine-node/jasmine-1.3.1.js:2432:5)
    at null.onComplete (C:\Users\y50-70\AppData\Roaming\npm\node_modules\jasmine-node\lib\jasmine-node/jasmine-1.3.1.js:2459:10)</failure></testcase>
</testsuite>
</testsuites>